nbus,ngen,nbranch,baseMVA
9,3,9,100.00
Bus,Pd,Qd,Vm,Va,mult_Pmis,mult_Qmis
     1,    0.00,    0.00,    1.04,    0.00,      2064.25,         0.00
     2,    0.00,    0.00,    1.02,    4.54,      2013.83,        -0.00
     3,    0.00,    0.00,    1.02,    2.90,      2018.37,        -0.00
     4,    0.00,    0.00,    1.03,   -2.19,      2064.55,         0.78
     5,   75.00,   50.00,    1.01,   -3.38,      2076.02,        11.05
     6,   90.00,   30.00,    1.02,   -4.26,      2093.63,         5.44
     7,    0.00,    0.00,    1.03,    0.75,      2014.50,         3.54
     8,  100.00,   35.00,    1.02,   -1.72,      2035.99,         7.25
     9,    0.00,    0.00,    1.03,    0.21,      2018.82,         2.49
From,To,Status,Sft,Stf,Slim,mult_Sf,mult_St
         1,          4,    1,    73.27,    72.63,   380.00,    -0.00,    -0.00
         2,          7,    1,   111.43,   111.84,   250.00,    -0.00,    -0.00
         3,          9,    1,    86.05,    86.79,   300.00,    -0.00,    -0.00
         4,          5,    1,    32.20,    43.00,   250.00,    -0.00,    -0.00
         4,          6,    1,    42.77,    44.87,   250.00,    -0.00,    -0.00
         5,          7,    1,    49.98,    48.69,   250.00,    -0.00,    -0.00
         6,          9,    1,    50.00,    51.77,   150.00,    -0.00,    -0.00
         7,          8,    1,    63.90,    64.98,   250.00,    -0.00,    -0.00
         8,          9,    1,    42.30,    36.62,   150.00,    -0.00,    -0.00
Gen bus,Status,Fuel,Pg,Qg,Pmin,Pmax,Qmin,Qmax
     1,    1,       NG,    71.10,    17.70,    10.00,   350.00,  -300.00,   300.00
     2,    1,       NG,   111.40,    -2.61,    10.00,   300.00,  -300.00,   300.00
     3,    1,     WIND,    85.00,   -13.42,     0.00,    85.00,  -300.00,   300.00
